Base path: 'D:/Unity/2019.2.0f1/Editor/Data', plugins path 'D:/Unity/2019.2.0f1/Editor/Data/PlaybackEngines'
Cmd: initializeCompiler
Cmd: compileComputeKernel
  api=4 insize=18299 outsize=8873 ok=1
Cmd: compileComputeKernel
  api=4 insize=4423 outsize=2453 ok=1
Cmd: compileComputeKernel
  api=4 insize=9814 outsize=4225 ok=1
Cmd: compileComputeKernel
  api=4 insize=4798 outsize=2207 ok=1
Cmd: compileComputeKernel
  api=4 insize=3600 outsize=1508 ok=1
Cmd: compileComputeKernel
  api=4 insize=1628 outsize=1398 ok=1
Cmd: compileSnippet
  api=4 type=0 insize=2295 outsize=858 kw= pd=UNITY_ENABLE_REFLECTION_BUFFERS UNITY_USE_DITHER_MASK_FOR_ALPHABLENDED_SHADOWS UNITY_PBS_USE_BRDF1 UNITY_SPECCUBE_BOX_PROJECTION UNITY_SPECCUBE_BLENDING UNITY_ENABLE_DETAIL_NORMALMAP SHADER_API_DESKTOP UNITY_LIGHT_PROBE_PROXY_VOLUME UNITY_LIGHTMAP_FULL_HDR ok=1
Cmd: initializeCompiler
Cmd: compileComputeKernel
  api=4 insize=2549 outsize=935 ok=1
Cmd: compileComputeKernel
  api=4 insize=15603 outsize=95785 ok=1
Cmd: compileComputeKernel
  api=4 insize=15603 outsize=55520 ok=1
Cmd: compileComputeKernel
  api=4 insize=15603 outsize=95652 ok=1
Cmd: compileComputeKernel
  api=4 insize=15603 outsize=46042 ok=1
Cmd: compileComputeKernel
  api=4 insize=15603 outsize=68268 ok=1
Cmd: compileComputeKernel
  api=4 insize=25750 outsize=14181 ok=1
Cmd: compileComputeKernel
  api=4 insize=25750 outsize=15619 ok=1
Cmd: compileComputeKernel
  api=4 insize=3797 outsize=1744 ok=1
Cmd: compileComputeKernel
  api=4 insize=3687 outsize=3172 ok=1
Cmd: compileComputeKernel
  api=4 insize=9347 outsize=12684 ok=1
Cmd: compileComputeKernel
  api=4 insize=4025 outsize=4208 ok=1
Cmd: compileComputeKernel
  api=4 insize=4918 outsize=2417 ok=1
Cmd: compileComputeKernel
  api=4 insize=3092 outsize=1980 ok=1
Cmd: compileComputeKernel
  api=4 insize=13624 outsize=4058 ok=1
Cmd: compileComputeKernel
  api=4 insize=21554 outsize=15798 ok=1
Cmd: compileComputeKernel
  api=4 insize=36515 outsize=32909 ok=1
Cmd: compileComputeKernel
  api=4 insize=36515 outsize=32395 ok=1
Cmd: compileComputeKernel
  api=4 insize=17606 outsize=8154 ok=1
Cmd: compileComputeKernel
  api=4 insize=5065 outsize=2822 ok=1
Cmd: compileComputeKernel
  api=4 insize=824 outsize=330 ok=1
Cmd: compileComputeKernel
  api=4 insize=3043 outsize=2756 ok=1
Cmd: compileComputeKernel
  api=4 insize=7700 outsize=7862 ok=1
Cmd: compileComputeKernel
  api=4 insize=3918 outsize=3422 ok=1
Cmd: compileComputeKernel
  api=4 insize=3654 outsize=1426 ok=1
Cmd: compileComputeKernel
  api=4 insize=17632 outsize=635 ok=1
Cmd: compileSnippet
  api=4 type=1 insize=1596 outsize=6766 kw=UNITY_PASS_FORWARDBASE DIRECTIONAL LIGHTPROBE_SH pd=UNITY_ENABLE_REFLECTION_BUFFERS UNITY_USE_DITHER_MASK_FOR_ALPHABLENDED_SHADOWS UNITY_PBS_USE_BRDF1 UNITY_SPECCUBE_BOX_PROJECTION UNITY_SPECCUBE_BLENDING UNITY_ENABLE_DETAIL_NORMALMAP SHADER_API_DESKTOP UNITY_LIGHT_PROBE_PROXY_VOLUME UNITY_LIGHTMAP_FULL_HDR ok=1
Cmd: compileSnippet
  api=4 type=0 insize=2724 outsize=530 kw=CHECKERBOARD_DOWNSAMPLE pd=UNITY_ENABLE_REFLECTION_BUFFERS UNITY_USE_DITHER_MASK_FOR_ALPHABLENDED_SHADOWS UNITY_PBS_USE_BRDF1 UNITY_SPECCUBE_BOX_PROJECTION UNITY_SPECCUBE_BLENDING UNITY_ENABLE_DETAIL_NORMALMAP SHADER_API_DESKTOP UNITY_LIGHT_PROBE_PROXY_VOLUME UNITY_LIGHTMAP_FULL_HDR ok=1
